# JRE version: Java(TM) SE Runtime Environment (8.0_221-b11) (build 1.8.0_221-b11)
# Java VM: Java HotSpot(TM) 64-Bit Server VM (25.221-b11 mixed mode windows-amd64 compressed oops)
Heap:
 PSYoungGen      total 149504K, used 43794K [0x00000000f5580000, 0x0000000100000000, 0x0000000100000000)
  eden space 134656K, 21% used [0x00000000f5580000,0x00000000f71c7f98,0x00000000fd900000)
  from space 14848K, 99% used [0x00000000ff000000,0x00000000ffe7ca20,0x00000000ffe80000)
  to   space 19968K, 0% used [0x00000000fd900000,0x00000000fd900000,0x00000000fec80000)
 ParOldGen       total 175104K, used 25490K [0x00000000e0000000, 0x00000000eab00000, 0x00000000f5580000)
  object space 175104K, 14% used [0x00000000e0000000,0x00000000e18e4b10,0x00000000eab00000)
 Metaspace       used 56189K, capacity 58698K, committed 58880K, reserved 1099776K
  class space    used 7815K, capacity 8380K, committed 8448K, reserved 1048576K
GC Heap History (10 events):
Event: 9.736 GC heap before
{Heap before GC invocations=6 (full 1):
 PSYoungGen      total 141824K, used 131072K [0x00000000f5580000, 0x00000000fea80000, 0x0000000100000000)
  eden space 131072K, 100% used [0x00000000f5580000,0x00000000fd580000,0x00000000fd580000)
  from space 10752K, 0% used [0x00000000fe000000,0x00000000fe000000,0x00000000fea80000)
  to   space 10752K, 0% used [0x00000000fd580000,0x00000000fd580000,0x00000000fe000000)
 ParOldGen       total 175104K, used 7938K [0x00000000e0000000, 0x00000000eab00000, 0x00000000f5580000)
  object space 175104K, 4% used [0x00000000e0000000,0x00000000e07c0ab8,0x00000000eab00000)
 Metaspace       used 32464K, capacity 33552K, committed 33792K, reserved 1079296K
  class space    used 4602K, capacity 4859K, committed 4864K, reserved 1048576K
Event: 9.763 GC heap after
Heap after GC invocations=6 (full 1):
 PSYoungGen      total 141824K, used 10739K [0x00000000f5580000, 0x0000000100000000, 0x0000000100000000)
  eden space 131072K, 0% used [0x00000000f5580000,0x00000000f5580000,0x00000000fd580000)
  from space 10752K, 99% used [0x00000000fd580000,0x00000000fdffce80,0x00000000fe000000)
  to   space 15872K, 0% used [0x00000000ff080000,0x00000000ff080000,0x0000000100000000)
 ParOldGen       total 175104K, used 12068K [0x00000000e0000000, 0x00000000eab00000, 0x00000000f5580000)
  object space 175104K, 6% used [0x00000000e0000000,0x00000000e0bc90e8,0x00000000eab00000)
 Metaspace       used 32464K, capacity 33552K, committed 33792K, reserved 1079296K
  class space    used 4602K, capacity 4859K, committed 4864K, reserved 1048576K
}
Event: 10.213 GC heap before
{Heap before GC invocations=7 (full 1):
 PSYoungGen      total 141824K, used 50290K [0x00000000f5580000, 0x0000000100000000, 0x0000000100000000)
  eden space 131072K, 30% used [0x00000000f5580000,0x00000000f7c1fcd0,0x00000000fd580000)
  from space 10752K, 99% used [0x00000000fd580000,0x00000000fdffce80,0x00000000fe000000)
  to   space 15872K, 0% used [0x00000000ff080000,0x00000000ff080000,0x0000000100000000)
 ParOldGen       total 175104K, used 12068K [0x00000000e0000000, 0x00000000eab00000, 0x00000000f5580000)
  object space 175104K, 6% used [0x00000000e0000000,0x00000000e0bc90e8,0x00000000eab00000)
 Metaspace       used 34375K, capacity 35482K, committed 35496K, reserved 1079296K
  class space    used 4812K, capacity 5109K, committed 5120K, reserved 1048576K
Event: 10.231 GC heap after
Heap after GC invocations=7 (full 1):
 PSYoungGen      total 159232K, used 10209K [0x00000000f5580000, 0x0000000100000000, 0x0000000100000000)
  eden space 143360K, 0% used [0x00000000f5580000,0x00000000f5580000,0x00000000fe180000)
  from space 15872K, 64% used [0x00000000ff080000,0x00000000ffa78610,0x0000000100000000)
  to   space 15360K, 0% used [0x00000000fe180000,0x00000000fe180000,0x00000000ff080000)
 ParOldGen       total 175104K, used 12076K [0x00000000e0000000, 0x00000000eab00000, 0x00000000f5580000)
  object space 175104K, 6% used [0x00000000e0000000,0x00000000e0bcb0e8,0x00000000eab00000)
 Metaspace       used 34375K, capacity 35482K, committed 35496K, reserved 1079296K
  class space    used 4812K, capacity 5109K, committed 5120K, reserved 1048576K
}
Event: 10.231 GC heap before
{Heap before GC invocations=8 (full 2):
 PSYoungGen      total 159232K, used 10209K [0x00000000f5580000, 0x0000000100000000, 0x0000000100000000)
  eden space 143360K, 0% used [0x00000000f5580000,0x00000000f5580000,0x00000000fe180000)
  from space 15872K, 64% used [0x00000000ff080000,0x00000000ffa78610,0x0000000100000000)
  to   space 15360K, 0% used [0x00000000fe180000,0x00000000fe180000,0x00000000ff080000)
 ParOldGen       total 175104K, used 12076K [0x00000000e0000000, 0x00000000eab00000, 0x00000000f5580000)
  object space 175104K, 6% used [0x00000000e0000000,0x00000000e0bcb0e8,0x00000000eab00000)
 Metaspace       used 34375K, capacity 35482K, committed 35496K, reserved 1079296K
  class space    used 4812K, capacity 5109K, committed 5120K, reserved 1048576K
Event: 10.310 GC heap after
Heap after GC invocations=8 (full 2):
 PSYoungGen      total 159232K, used 0K [0x00000000f5580000, 0x0000000100000000, 0x0000000100000000)
  eden space 143360K, 0% used [0x00000000f5580000,0x00000000f5580000,0x00000000fe180000)
  from space 15872K, 0% used [0x00000000ff080000,0x00000000ff080000,0x0000000100000000)
  to   space 15360K, 0% used [0x00000000fe180000,0x00000000fe180000,0x00000000ff080000)
 ParOldGen       total 175104K, used 16912K [0x00000000e0000000, 0x00000000eab00000, 0x00000000f5580000)
  object space 175104K, 9% used [0x00000000e0000000,0x00000000e1084338,0x00000000eab00000)
 Metaspace       used 34375K, capacity 35482K, committed 35496K, reserved 1079296K
  class space    used 4812K, capacity 5109K, committed 5120K, reserved 1048576K
}
Event: 12.267 GC heap before
{Heap before GC invocations=9 (full 2):
 PSYoungGen      total 159232K, used 143360K [0x00000000f5580000, 0x0000000100000000, 0x0000000100000000)
  eden space 143360K, 100% used [0x00000000f5580000,0x00000000fe180000,0x00000000fe180000)
  from space 15872K, 0% used [0x00000000ff080000,0x00000000ff080000,0x0000000100000000)
  to   space 15360K, 0% used [0x00000000fe180000,0x00000000fe180000,0x00000000ff080000)
 ParOldGen       total 175104K, used 16912K [0x00000000e0000000, 0x00000000eab00000, 0x00000000f5580000)
  object space 175104K, 9% used [0x00000000e0000000,0x00000000e1084338,0x00000000eab00000)
 Metaspace       used 38984K, capacity 40820K, committed 41088K, reserved 1085440K
  class space    used 5462K, capacity 5899K, committed 6016K, reserved 1048576K
Event: 12.279 GC heap after
Heap after GC invocations=9 (full 2):
 PSYoungGen      total 152576K, used 9010K [0x00000000f5580000, 0x00000000ffe80000, 0x0000000100000000)
  eden space 143360K, 0% used [0x00000000f5580000,0x00000000f5580000,0x00000000fe180000)
  from space 9216K, 97% used [0x00000000fe180000,0x00000000fea4c9d0,0x00000000fea80000)
  to   space 14848K, 0% used [0x00000000ff000000,0x00000000ff000000,0x00000000ffe80000)
 ParOldGen       total 175104K, used 16920K [0x00000000e0000000, 0x00000000eab00000, 0x00000000f5580000)
  object space 175104K, 9% used [0x00000000e0000000,0x00000000e1086338,0x00000000eab00000)
 Metaspace       used 38984K, capacity 40820K, committed 41088K, reserved 1085440K
  class space    used 5462K, capacity 5899K, committed 6016K, reserved 1048576K
}
Event: 14.883 GC heap before
{Heap before GC invocations=10 (full 2):
 PSYoungGen      total 152576K, used 152370K [0x00000000f5580000, 0x00000000ffe80000, 0x0000000100000000)
  eden space 143360K, 100% used [0x00000000f5580000,0x00000000fe180000,0x00000000fe180000)
  from space 9216K, 97% used [0x00000000fe180000,0x00000000fea4c9d0,0x00000000fea80000)
  to   space 14848K, 0% used [0x00000000ff000000,0x00000000ff000000,0x00000000ffe80000)
 ParOldGen       total 175104K, used 16920K [0x00000000e0000000, 0x00000000eab00000, 0x00000000f5580000)
  object space 175104K, 9% used [0x00000000e0000000,0x00000000e1086338,0x00000000eab00000)
 Metaspace       used 53385K, capacity 55772K, committed 56064K, reserved 1097728K
  class space    used 7305K, capacity 7851K, committed 7936K, reserved 1048576K
Event: 14.913 GC heap after
Heap after GC invocations=10 (full 2):
 PSYoungGen      total 149504K, used 14834K [0x00000000f5580000, 0x0000000100000000, 0x0000000100000000)
  eden space 134656K, 0% used [0x00000000f5580000,0x00000000f5580000,0x00000000fd900000)
  from space 14848K, 99% used [0x00000000ff000000,0x00000000ffe7ca20,0x00000000ffe80000)
  to   space 19968K, 0% used [0x00000000fd900000,0x00000000fd900000,0x00000000fec80000)
 ParOldGen       total 175104K, used 25490K [0x00000000e0000000, 0x00000000eab00000, 0x00000000f5580000)
  object space 175104K, 14% used [0x00000000e0000000,0x00000000e18e4b10,0x00000000eab00000)
 Metaspace       used 53385K, capacity 55772K, committed 56064K, reserved 1097728K
  class space    used 7305K, capacity 7851K, committed 7936K, reserved 1048576K
}

